0 info it worked if it ends with ok
1 verbose cli [ '/usr/bin/nodejs', '/usr/bin/npm', 'run', 'lab' ]
2 info using npm@4.0.5
3 info using node@v7.4.0
4 verbose run-script [ 'prelab', 'lab', 'postlab' ]
5 info lifecycle try-yarn@1.0.0~prelab: try-yarn@1.0.0
6 silly lifecycle try-yarn@1.0.0~prelab: no script for prelab, continuing
7 info lifecycle try-yarn@1.0.0~lab: try-yarn@1.0.0
8 verbose lifecycle try-yarn@1.0.0~lab: unsafe-perm in lifecycle true
9 verbose lifecycle try-yarn@1.0.0~lab: PATH: /usr/lib/node_modules/npm/bin/node-gyp-bin:/home/guggu/Code/github/cv/node_modules/.bin:/usr/local/bin:/usr/local/sbin:/home/guggu/bin:/home/guggu/.local/bin:/usr/sbin:/usr/bin:/sbin:/bin:/usr/games:/usr/local/games:/snap/bin
10 verbose lifecycle try-yarn@1.0.0~lab: CWD: /home/guggu/Code/github/cv
11 silly lifecycle try-yarn@1.0.0~lab: Args: [ '-c', 'node lab.js' ]
12 silly lifecycle try-yarn@1.0.0~lab: Returned: code: 1  signal: null
13 info lifecycle try-yarn@1.0.0~lab: Failed to exec lab script
14 verbose stack Error: try-yarn@1.0.0 lab: `node lab.js`
14 verbose stack Exit status 1
14 verbose stack     at EventEmitter.<anonymous> (/usr/lib/node_modules/npm/lib/utils/lifecycle.js:279:16)
14 verbose stack     at emitTwo (events.js:106:13)
14 verbose stack     at EventEmitter.emit (events.js:191:7)
14 verbose stack     at ChildProcess.<anonymous> (/usr/lib/node_modules/npm/lib/utils/spawn.js:40:14)
14 verbose stack     at emitTwo (events.js:106:13)
14 verbose stack     at ChildProcess.emit (events.js:191:7)
14 verbose stack     at maybeClose (internal/child_process.js:885:16)
14 verbose stack     at Process.ChildProcess._handle.onexit (internal/child_process.js:226:5)
15 verbose pkgid try-yarn@1.0.0
16 verbose cwd /home/guggu/Code/github/cv
17 error Linux 4.4.0-59-generic
18 error argv "/usr/bin/nodejs" "/usr/bin/npm" "run" "lab"
19 error node v7.4.0
20 error npm  v4.0.5
21 error code ELIFECYCLE
22 error try-yarn@1.0.0 lab: `node lab.js`
22 error Exit status 1
23 error Failed at the try-yarn@1.0.0 lab script 'node lab.js'.
23 error Make sure you have the latest version of node.js and npm installed.
23 error If you do, this is most likely a problem with the try-yarn package,
23 error not with npm itself.
23 error Tell the author that this fails on your system:
23 error     node lab.js
23 error You can get information on how to open an issue for this project with:
23 error     npm bugs try-yarn
23 error Or if that isn't available, you can get their info via:
23 error     npm owner ls try-yarn
23 error There is likely additional logging output above.
24 verbose exit [ 1, true ]
